\BOOKMARK [1][-]{section.1}{Central limit theorem}{}% 1
\BOOKMARK [2][-]{subsection.1.1}{}{section.1}% 2
\BOOKMARK [2][-]{subsection.1.2}{}{section.1}% 3
\BOOKMARK [2][-]{subsection.1.3}{}{section.1}% 4
\BOOKMARK [1][-]{section.2}{Entropy of simple systems}{}% 5
\BOOKMARK [2][-]{subsection.2.1}{Two-level systems}{section.2}% 6
\BOOKMARK [3][-]{subsubsection.2.1.1}{}{subsection.2.1}% 7
\BOOKMARK [3][-]{subsubsection.2.1.2}{}{subsection.2.1}% 8
\BOOKMARK [3][-]{subsubsection.2.1.3}{}{subsection.2.1}% 9
\BOOKMARK [3][-]{subsubsection.2.1.4}{}{subsection.2.1}% 10
\BOOKMARK [2][-]{subsection.2.2}{Trapped atoms}{section.2}% 11
\BOOKMARK [2][-]{subsection.2.3}{Three-level system}{section.2}% 12
\BOOKMARK [1][-]{section.3}{Quantum diatomic ideal gas}{}% 13
\BOOKMARK [2][-]{subsection.3.1}{Classical system}{section.3}% 14
\BOOKMARK [3][-]{subsubsection.3.1.1}{}{subsection.3.1}% 15
\BOOKMARK [3][-]{subsubsection.3.1.2}{}{subsection.3.1}% 16
\BOOKMARK [3][-]{subsubsection.3.1.3}{}{subsection.3.1}% 17
\BOOKMARK [3][-]{subsubsection.3.1.4}{}{subsection.3.1}% 18
\BOOKMARK [2][-]{subsection.3.2}{Quantum system}{section.3}% 19
\BOOKMARK [3][-]{subsubsection.3.2.1}{}{subsection.3.2}% 20
\BOOKMARK [3][-]{subsubsection.3.2.2}{}{subsection.3.2}% 21
\BOOKMARK [3][-]{subsubsection.3.2.3}{}{subsection.3.2}% 22
\BOOKMARK [3][-]{subsubsection.3.2.4}{}{subsection.3.2}% 23
\BOOKMARK [3][-]{subsubsection.3.2.5}{}{subsection.3.2}% 24
