\BOOKMARK [1][-]{section.1}{Non-equilibrium entropies of Fermi, Bose, and Boltzmann distributions}{}% 1
\BOOKMARK [2][-]{subsection.1.1}{}{section.1}% 2
\BOOKMARK [2][-]{subsection.1.2}{}{section.1}% 3
\BOOKMARK [1][-]{section.2}{Quantum correction to the Boltzmann thermodynamics}{}% 4
\BOOKMARK [1][-]{section.3}{Degenerate Fermi gas}{}% 5
\BOOKMARK [2][-]{subsection.3.1}{}{section.3}% 6
\BOOKMARK [2][-]{subsection.3.2}{}{section.3}% 7
\BOOKMARK [1][-]{section.4}{Degenerate Bose gas}{}% 8
\BOOKMARK [2][-]{subsection.4.1}{}{section.4}% 9
\BOOKMARK [2][-]{subsection.4.2}{}{section.4}% 10
\BOOKMARK [2][-]{subsection.4.3}{}{section.4}% 11
\BOOKMARK [1][-]{section.5}{Thermodynamics of radiation}{}% 12
\BOOKMARK [2][-]{subsection.5.1}{}{section.5}% 13
\BOOKMARK [2][-]{subsection.5.2}{}{section.5}% 14
\BOOKMARK [2][-]{subsection.5.3}{}{section.5}% 15
\BOOKMARK [2][-]{subsection.5.4}{}{section.5}% 16
\BOOKMARK [2][-]{subsection.5.5}{}{section.5}% 17
\BOOKMARK [2][-]{subsection.5.6}{}{section.5}% 18
\BOOKMARK [1][-]{section.6}{Thermodynamics of solids}{}% 19
\BOOKMARK [2][-]{subsection.6.1}{}{section.6}% 20
\BOOKMARK [2][-]{subsection.6.2}{}{section.6}% 21
\BOOKMARK [2][-]{subsection.6.3}{}{section.6}% 22
\BOOKMARK [2][-]{subsection.6.4}{}{section.6}% 23
