\BOOKMARK [1][-]{section.1}{Momentum operator}{}% 1
\BOOKMARK [1][-]{section.2}{Density of states for free electrons}{}% 2
\BOOKMARK [2][-]{subsection.2.1}{}{section.2}% 3
\BOOKMARK [2][-]{subsection.2.2}{}{section.2}% 4
\BOOKMARK [2][-]{subsection.2.3}{}{section.2}% 5
\BOOKMARK [1][-]{section.3}{Thermodynamic properties of a free electron metal}{}% 6
\BOOKMARK [2][-]{subsection.3.1}{}{section.3}% 7
\BOOKMARK [2][-]{subsection.3.2}{}{section.3}% 8
\BOOKMARK [2][-]{subsection.3.3}{}{section.3}% 9
\BOOKMARK [2][-]{subsection.3.4}{}{section.3}% 10
\BOOKMARK [2][-]{subsection.3.5}{}{section.3}% 11
\BOOKMARK [2][-]{subsection.3.6}{}{section.3}% 12
\BOOKMARK [1][-]{section.4}{Acoustic phonon dispersion in the monatomic chain}{}% 13
\BOOKMARK [1][-]{section.5}{Acoustic and optic phonons in the diatomic chain}{}% 14
\BOOKMARK [2][-]{subsection.5.1}{}{section.5}% 15
\BOOKMARK [1][-]{section.6}{Lattice specific heat}{}% 16
\BOOKMARK [2][-]{subsection.6.1}{}{section.6}% 17
\BOOKMARK [2][-]{subsection.6.2}{}{section.6}% 18
\BOOKMARK [2][-]{subsection.6.3}{}{section.6}% 19
\BOOKMARK [2][-]{subsection.6.4}{}{section.6}% 20
